0 info it worked if it ends with ok
1 verbose cli [ '/usr/bin/node',
1 verbose cli   '/usr/bin/npm',
1 verbose cli   'install',
1 verbose cli   'webpack-dev-server',
1 verbose cli   '--save-dev' ]
2 info using npm@3.5.2
3 info using node@v8.10.0
4 silly loadCurrentTree Starting
5 silly install loadCurrentTree
6 silly install readLocalPackageData
7 silly fetchPackageMetaData webpack-dev-server
8 silly fetchNamedPackageData webpack-dev-server
9 silly mapToRegistry name webpack-dev-server
10 silly mapToRegistry using default registry
11 silly mapToRegistry registry https://registry.npmjs.org/
12 silly mapToRegistry uri https://registry.npmjs.org/webpack-dev-server
13 verbose request uri https://registry.npmjs.org/webpack-dev-server
14 verbose request no auth needed
15 info attempt registry request try #1 at 6:53:45 PM
16 verbose request id a59ac03f08ab9684
17 http request GET https://registry.npmjs.org/webpack-dev-server
18 http 200 https://registry.npmjs.org/webpack-dev-server
19 verbose headers { date: 'Sat, 29 Jan 2022 23:53:15 GMT',
19 verbose headers   'content-type': 'application/json',
19 verbose headers   'transfer-encoding': 'chunked',
19 verbose headers   connection: 'keep-alive',
19 verbose headers   'cf-ray': '6d5660feca0167e0-MIA',
19 verbose headers   age: '188',
19 verbose headers   'cache-control': 'public, max-age=300',
19 verbose headers   etag: 'W/"a1834a2adb254e9b9395baad9df8256b"',
19 verbose headers   'last-modified': 'Tue, 11 Jan 2022 17:45:47 GMT',
19 verbose headers   vary: 'accept-encoding, accept',
19 verbose headers   'cf-cache-status': 'HIT',
19 verbose headers   'expect-ct': 'max-age=604800, report-uri="https://report-uri.cloudflare.com/cdn-cgi/beacon/expect-ct"',
19 verbose headers   'x-amz-replication-status': 'COMPLETED',
19 verbose headers   server: 'cloudflare',
19 verbose headers   'content-encoding': 'gzip' }
20 silly get cb [ 200,
20 silly get   { date: 'Sat, 29 Jan 2022 23:53:15 GMT',
20 silly get     'content-type': 'application/json',
20 silly get     'transfer-encoding': 'chunked',
20 silly get     connection: 'keep-alive',
20 silly get     'cf-ray': '6d5660feca0167e0-MIA',
20 silly get     age: '188',
20 silly get     'cache-control': 'public, max-age=300',
20 silly get     etag: 'W/"a1834a2adb254e9b9395baad9df8256b"',
20 silly get     'last-modified': 'Tue, 11 Jan 2022 17:45:47 GMT',
20 silly get     vary: 'accept-encoding, accept',
20 silly get     'cf-cache-status': 'HIT',
20 silly get     'expect-ct': 'max-age=604800, report-uri="https://report-uri.cloudflare.com/cdn-cgi/beacon/expect-ct"',
20 silly get     'x-amz-replication-status': 'COMPLETED',
20 silly get     server: 'cloudflare',
20 silly get     'content-encoding': 'gzip' } ]
21 verbose get saving webpack-dev-server to /home/laura/.npm/registry.npmjs.org/webpack-dev-server/.cache.json
22 verbose makeDirectory /home/laura/.npm creation not in flight; initializing
23 silly makeDirectory /home/laura/.npm uid: 1000 gid: 1000
24 silly install normalizeTree
25 silly loadCurrentTree Finishing
26 silly loadIdealTree Starting
27 silly install loadIdealTree
28 silly cloneCurrentTree Starting
29 silly install cloneCurrentTreeToIdealTree
30 silly cloneCurrentTree Finishing
31 silly loadShrinkwrap Starting
32 silly install loadShrinkwrap
33 silly loadShrinkwrap Finishing
34 silly loadAllDepsIntoIdealTree Starting
35 silly install loadAllDepsIntoIdealTree
36 silly resolveWithNewModule webpack-dev-server@4.7.3 checking installable status
37 silly cache add args [ 'webpack-dev-server', null ]
38 verbose cache add spec webpack-dev-server
39 silly cache add parsed spec Result {
39 silly cache add   raw: 'webpack-dev-server',
39 silly cache add   scope: null,
39 silly cache add   name: 'webpack-dev-server',
39 silly cache add   rawSpec: '',
39 silly cache add   spec: 'latest',
39 silly cache add   type: 'tag' }
40 silly addNamed webpack-dev-server@latest
41 verbose addNamed "latest" is being treated as a dist-tag for webpack-dev-server
42 info addNameTag [ 'webpack-dev-server', 'latest' ]
43 silly mapToRegistry name webpack-dev-server
44 silly mapToRegistry using default registry
45 silly mapToRegistry registry https://registry.npmjs.org/
46 silly mapToRegistry uri https://registry.npmjs.org/webpack-dev-server
47 verbose addNameTag registry:https://registry.npmjs.org/webpack-dev-server not in flight; fetching
48 verbose get https://registry.npmjs.org/webpack-dev-server not expired, no request
49 silly addNameTag next cb for webpack-dev-server with tag latest
50 silly addNamed webpack-dev-server@4.7.3
51 verbose addNamed "4.7.3" is a plain semver version for webpack-dev-server
52 silly mapToRegistry name webpack-dev-server
53 silly mapToRegistry using default registry
54 silly mapToRegistry registry https://registry.npmjs.org/
55 silly mapToRegistry uri https://registry.npmjs.org/webpack-dev-server
56 verbose addRemoteTarball https://registry.npmjs.org/webpack-dev-server/-/webpack-dev-server-4.7.3.tgz not in flight; adding
57 verbose addRemoteTarball [ 'https://registry.npmjs.org/webpack-dev-server/-/webpack-dev-server-4.7.3.tgz',
57 verbose addRemoteTarball   '4e995b141ff51fa499906eebc7906f6925d0beaa' ]
58 info retry fetch attempt 1 at 6:53:45 PM
59 info attempt registry request try #1 at 6:53:45 PM
60 http fetch GET https://registry.npmjs.org/webpack-dev-server/-/webpack-dev-server-4.7.3.tgz
61 http fetch 200 https://registry.npmjs.org/webpack-dev-server/-/webpack-dev-server-4.7.3.tgz
62 silly fetchAndShaCheck shasum 4e995b141ff51fa499906eebc7906f6925d0beaa
63 verbose addTmpTarball /tmp/npm-4316-5b97d638/registry.npmjs.org/webpack-dev-server/-/webpack-dev-server-4.7.3.tgz not in flight; adding
64 verbose addTmpTarball already have metadata; skipping unpack for webpack-dev-server@4.7.3
65 silly cache afterAdd webpack-dev-server@4.7.3
66 verbose afterAdd /home/laura/.npm/webpack-dev-server/4.7.3/package/package.json not in flight; writing
67 verbose afterAdd /home/laura/.npm/webpack-dev-server/4.7.3/package/package.json written
68 silly fetchNamedPackageData @types/bonjour
69 silly mapToRegistry name @types/bonjour
70 silly mapToRegistry scope (from package name) @types
71 verbose mapToRegistry no registry URL found in name for scope @types
72 silly mapToRegistry using default registry
73 silly mapToRegistry registry https://registry.npmjs.org/
74 silly mapToRegistry uri https://registry.npmjs.org/@types%2fbonjour
75 silly fetchNamedPackageData @types/connect-history-api-fallback
76 silly mapToRegistry name @types/connect-history-api-fallback
77 silly mapToRegistry scope (from package name) @types
78 verbose mapToRegistry no registry URL found in name for scope @types
79 silly mapToRegistry using default registry
80 silly mapToRegistry registry https://registry.npmjs.org/
81 silly mapToRegistry uri https://registry.npmjs.org/@types%2fconnect-history-api-fallback
82 silly fetchNamedPackageData @types/serve-index
83 silly mapToRegistry name @types/serve-index
84 silly mapToRegistry scope (from package name) @types
85 verbose mapToRegistry no registry URL found in name for scope @types
86 silly mapToRegistry using default registry
87 silly mapToRegistry registry https://registry.npmjs.org/
88 silly mapToRegistry uri https://registry.npmjs.org/@types%2fserve-index
89 silly fetchNamedPackageData @types/sockjs
90 silly mapToRegistry name @types/sockjs
91 silly mapToRegistry scope (from package name) @types
92 verbose mapToRegistry no registry URL found in name for scope @types
93 silly mapToRegistry using default registry
94 silly mapToRegistry registry https://registry.npmjs.org/
95 silly mapToRegistry uri https://registry.npmjs.org/@types%2fsockjs
96 silly fetchNamedPackageData @types/ws
97 silly mapToRegistry name @types/ws
98 silly mapToRegistry scope (from package name) @types
99 verbose mapToRegistry no registry URL found in name for scope @types
100 silly mapToRegistry using default registry
101 silly mapToRegistry registry https://registry.npmjs.org/
102 silly mapToRegistry uri https://registry.npmjs.org/@types%2fws
103 silly fetchNamedPackageData ansi-html-community
104 silly mapToRegistry name ansi-html-community
105 silly mapToRegistry using default registry
106 silly mapToRegistry registry https://registry.npmjs.org/
107 silly mapToRegistry uri https://registry.npmjs.org/ansi-html-community
108 silly fetchNamedPackageData bonjour
109 silly mapToRegistry name bonjour
110 silly mapToRegistry using default registry
111 silly mapToRegistry registry https://registry.npmjs.org/
112 silly mapToRegistry uri https://registry.npmjs.org/bonjour
113 silly fetchNamedPackageData chokidar
114 silly mapToRegistry name chokidar
115 silly mapToRegistry using default registry
116 silly mapToRegistry registry https://registry.npmjs.org/
117 silly mapToRegistry uri https://registry.npmjs.org/chokidar
118 silly fetchNamedPackageData colorette
119 silly mapToRegistry name colorette
120 silly mapToRegistry using default registry
121 silly mapToRegistry registry https://registry.npmjs.org/
122 silly mapToRegistry uri https://registry.npmjs.org/colorette
123 silly fetchNamedPackageData compression
124 silly mapToRegistry name compression
125 silly mapToRegistry using default registry
126 silly mapToRegistry registry https://registry.npmjs.org/
127 silly mapToRegistry uri https://registry.npmjs.org/compression
128 silly fetchNamedPackageData connect-history-api-fallback
129 silly mapToRegistry name connect-history-api-fallback
130 silly mapToRegistry using default registry
131 silly mapToRegistry registry https://registry.npmjs.org/
132 silly mapToRegistry uri https://registry.npmjs.org/connect-history-api-fallback
133 silly fetchNamedPackageData default-gateway
134 silly mapToRegistry name default-gateway
135 silly mapToRegistry using default registry
136 silly mapToRegistry registry https://registry.npmjs.org/
137 silly mapToRegistry uri https://registry.npmjs.org/default-gateway
138 silly fetchNamedPackageData del
139 silly mapToRegistry name del
140 silly mapToRegistry using default registry
141 silly mapToRegistry registry https://registry.npmjs.org/
142 silly mapToRegistry uri https://registry.npmjs.org/del
143 silly fetchNamedPackageData express
144 silly mapToRegistry name express
145 silly mapToRegistry using default registry
146 silly mapToRegistry registry https://registry.npmjs.org/
147 silly mapToRegistry uri https://registry.npmjs.org/express
148 silly fetchNamedPackageData graceful-fs
149 silly mapToRegistry name graceful-fs
150 silly mapToRegistry using default registry
151 silly mapToRegistry registry https://registry.npmjs.org/
152 silly mapToRegistry uri https://registry.npmjs.org/graceful-fs
153 silly fetchNamedPackageData html-entities
154 silly mapToRegistry name html-entities
155 silly mapToRegistry using default registry
156 silly mapToRegistry registry https://registry.npmjs.org/
157 silly mapToRegistry uri https://registry.npmjs.org/html-entities
158 silly fetchNamedPackageData http-proxy-middleware
159 silly mapToRegistry name http-proxy-middleware
160 silly mapToRegistry using default registry
161 silly mapToRegistry registry https://registry.npmjs.org/
162 silly mapToRegistry uri https://registry.npmjs.org/http-proxy-middleware
163 silly fetchNamedPackageData ipaddr.js
164 silly mapToRegistry name ipaddr.js
165 silly mapToRegistry using default registry
166 silly mapToRegistry registry https://registry.npmjs.org/
167 silly mapToRegistry uri https://registry.npmjs.org/ipaddr.js
168 silly fetchNamedPackageData open
169 silly mapToRegistry name open
170 silly mapToRegistry using default registry
171 silly mapToRegistry registry https://registry.npmjs.org/
172 silly mapToRegistry uri https://registry.npmjs.org/open
173 silly fetchNamedPackageData p-retry
174 silly mapToRegistry name p-retry
175 silly mapToRegistry using default registry
176 silly mapToRegistry registry https://registry.npmjs.org/
177 silly mapToRegistry uri https://registry.npmjs.org/p-retry
178 silly fetchNamedPackageData portfinder
179 silly mapToRegistry name portfinder
180 silly mapToRegistry using default registry
181 silly mapToRegistry registry https://registry.npmjs.org/
182 silly mapToRegistry uri https://registry.npmjs.org/portfinder
183 silly fetchNamedPackageData schema-utils
184 silly mapToRegistry name schema-utils
185 silly mapToRegistry using default registry
186 silly mapToRegistry registry https://registry.npmjs.org/
187 silly mapToRegistry uri https://registry.npmjs.org/schema-utils
188 silly fetchNamedPackageData selfsigned
189 silly mapToRegistry name selfsigned
190 silly mapToRegistry using default registry
191 silly mapToRegistry registry https://registry.npmjs.org/
192 silly mapToRegistry uri https://registry.npmjs.org/selfsigned
193 silly fetchNamedPackageData serve-index
194 silly mapToRegistry name serve-index
195 silly mapToRegistry using default registry
196 silly mapToRegistry registry https://registry.npmjs.org/
197 silly mapToRegistry uri https://registry.npmjs.org/serve-index
198 silly fetchNamedPackageData sockjs
199 silly mapToRegistry name sockjs
200 silly mapToRegistry using default registry
201 silly mapToRegistry registry https://registry.npmjs.org/
202 silly mapToRegistry uri https://registry.npmjs.org/sockjs
203 silly fetchNamedPackageData spdy
204 silly mapToRegistry name spdy
205 silly mapToRegistry using default registry
206 silly mapToRegistry registry https://registry.npmjs.org/
207 silly mapToRegistry uri https://registry.npmjs.org/spdy
208 silly fetchNamedPackageData strip-ansi
209 silly mapToRegistry name strip-ansi
210 silly mapToRegistry using default registry
211 silly mapToRegistry registry https://registry.npmjs.org/
212 silly mapToRegistry uri https://registry.npmjs.org/strip-ansi
213 silly fetchNamedPackageData webpack-dev-middleware
214 silly mapToRegistry name webpack-dev-middleware
215 silly mapToRegistry using default registry
216 silly mapToRegistry registry https://registry.npmjs.org/
217 silly mapToRegistry uri https://registry.npmjs.org/webpack-dev-middleware
218 silly fetchNamedPackageData ws
219 silly mapToRegistry name ws
220 silly mapToRegistry using default registry
221 silly mapToRegistry registry https://registry.npmjs.org/
222 silly mapToRegistry uri https://registry.npmjs.org/ws
223 verbose request uri https://registry.npmjs.org/@types%2fbonjour
224 verbose request no auth needed
225 info attempt registry request try #1 at 6:53:46 PM
226 http request GET https://registry.npmjs.org/@types%2fbonjour
227 verbose request uri https://registry.npmjs.org/@types%2fconnect-history-api-fallback
228 verbose request no auth needed
229 info attempt registry request try #1 at 6:53:46 PM
230 http request GET https://registry.npmjs.org/@types%2fconnect-history-api-fallback
231 verbose request uri https://registry.npmjs.org/@types%2fserve-index
232 verbose request no auth needed
233 info attempt registry request try #1 at 6:53:46 PM
234 http request GET https://registry.npmjs.org/@types%2fserve-index
235 verbose request uri https://registry.npmjs.org/@types%2fsockjs
236 verbose request no auth needed
237 info attempt registry request try #1 at 6:53:46 PM
238 http request GET https://registry.npmjs.org/@types%2fsockjs
239 verbose request uri https://registry.npmjs.org/@types%2fws
240 verbose request no auth needed
241 info attempt registry request try #1 at 6:53:46 PM
242 http request GET https://registry.npmjs.org/@types%2fws
243 verbose request uri https://registry.npmjs.org/ansi-html-community
244 verbose request no auth needed
245 info attempt registry request try #1 at 6:53:46 PM
246 http request GET https://registry.npmjs.org/ansi-html-community
247 verbose request uri https://registry.npmjs.org/bonjour
248 verbose request no auth needed
249 info attempt registry request try #1 at 6:53:46 PM
250 http request GET https://registry.npmjs.org/bonjour
251 verbose request uri https://registry.npmjs.org/chokidar
252 verbose request no auth needed
253 info attempt registry request try #1 at 6:53:46 PM
254 http request GET https://registry.npmjs.org/chokidar
255 verbose request uri https://registry.npmjs.org/colorette
256 verbose request no auth needed
257 info attempt registry request try #1 at 6:53:46 PM
258 http request GET https://registry.npmjs.org/colorette
259 verbose request uri https://registry.npmjs.org/compression
260 verbose request no auth needed
261 info attempt registry request try #1 at 6:53:46 PM
262 http request GET https://registry.npmjs.org/compression
263 verbose request uri https://registry.npmjs.org/connect-history-api-fallback
264 verbose request no auth needed
265 info attempt registry request try #1 at 6:53:46 PM
266 http request GET https://registry.npmjs.org/connect-history-api-fallback
267 verbose request uri https://registry.npmjs.org/default-gateway
268 verbose request no auth needed
269 info attempt registry request try #1 at 6:53:46 PM
270 http request GET https://registry.npmjs.org/default-gateway
271 verbose request uri https://registry.npmjs.org/del
272 verbose request no auth needed
273 info attempt registry request try #1 at 6:53:46 PM
274 http request GET https://registry.npmjs.org/del
275 verbose request uri https://registry.npmjs.org/express
276 verbose request no auth needed
277 info attempt registry request try #1 at 6:53:46 PM
278 http request GET https://registry.npmjs.org/express
279 verbose request uri https://registry.npmjs.org/graceful-fs
280 verbose request no auth needed
281 info attempt registry request try #1 at 6:53:46 PM
282 http request GET https://registry.npmjs.org/graceful-fs
283 verbose request uri https://registry.npmjs.org/html-entities
284 verbose request no auth needed
285 info attempt registry request try #1 at 6:53:46 PM
286 http request GET https://registry.npmjs.org/html-entities
287 verbose request uri https://registry.npmjs.org/http-proxy-middleware
288 verbose request no auth needed
289 info attempt registry request try #1 at 6:53:46 PM
290 http request GET https://registry.npmjs.org/http-proxy-middleware
291 verbose request uri https://registry.npmjs.org/ipaddr.js
292 verbose request no auth needed
293 info attempt registry request try #1 at 6:53:46 PM
294 http request GET https://registry.npmjs.org/ipaddr.js
295 verbose request uri https://registry.npmjs.org/open
296 verbose request no auth needed
297 info attempt registry request try #1 at 6:53:46 PM
298 http request GET https://registry.npmjs.org/open
299 verbose request uri https://registry.npmjs.org/p-retry
300 verbose request no auth needed
301 info attempt registry request try #1 at 6:53:46 PM
302 http request GET https://registry.npmjs.org/p-retry
303 verbose request uri https://registry.npmjs.org/portfinder
304 verbose request no auth needed
305 info attempt registry request try #1 at 6:53:46 PM
306 http request GET https://registry.npmjs.org/portfinder
307 verbose request uri https://registry.npmjs.org/schema-utils
308 verbose request no auth needed
309 info attempt registry request try #1 at 6:53:46 PM
310 http request GET https://registry.npmjs.org/schema-utils
311 verbose request uri https://registry.npmjs.org/selfsigned
312 verbose request no auth needed
313 info attempt registry request try #1 at 6:53:46 PM
314 http request GET https://registry.npmjs.org/selfsigned
315 verbose request uri https://registry.npmjs.org/serve-index
316 verbose request no auth needed
317 info attempt registry request try #1 at 6:53:46 PM
318 http request GET https://registry.npmjs.org/serve-index
319 verbose request uri https://registry.npmjs.org/sockjs
320 verbose request no auth needed
321 info attempt registry request try #1 at 6:53:46 PM
322 http request GET https://registry.npmjs.org/sockjs
323 verbose request uri https://registry.npmjs.org/spdy
324 verbose request no auth needed
325 info attempt registry request try #1 at 6:53:46 PM
326 http request GET https://registry.npmjs.org/spdy
327 verbose request uri https://registry.npmjs.org/strip-ansi
328 verbose request no auth needed
329 info attempt registry request try #1 at 6:53:46 PM
330 http request GET https://registry.npmjs.org/strip-ansi
331 verbose request uri https://registry.npmjs.org/webpack-dev-middleware
332 verbose request no auth needed
333 info attempt registry request try #1 at 6:53:46 PM
334 http request GET https://registry.npmjs.org/webpack-dev-middleware
335 verbose request uri https://registry.npmjs.org/ws
336 verbose request no auth needed
337 info attempt registry request try #1 at 6:53:46 PM
338 http request GET https://registry.npmjs.org/ws
339 http 200 https://registry.npmjs.org/colorette
340 verbose headers { date: 'Sat, 29 Jan 2022 23:53:16 GMT',
340 verbose headers   'content-type': 'application/json',
340 verbose headers   'transfer-encoding': 'chunked',
340 verbose headers   connection: 'keep-alive',
340 verbose headers   'cf-ray': '6d5661037f288ddf-MIA',
340 verbose headers   age: '152',
340 verbose headers   'cache-control': 'public, max-age=300',
340 verbose headers   etag: 'W/"99c6a2306ecf3a6eed87ae99cb5c7125"',
340 verbose headers   'last-modified': 'Sun, 09 Jan 2022 04:39:00 GMT',
340 verbose headers   vary: 'accept-encoding, accept',
340 verbose headers   'cf-cache-status': 'HIT',
340 verbose headers   'expect-ct': 'max-age=604800, report-uri="https://report-uri.cloudflare.com/cdn-cgi/beacon/expect-ct"',
340 verbose headers   'x-amz-replication-status': 'COMPLETED',
340 verbose headers   server: 'cloudflare',
340 verbose headers   'content-encoding': 'gzip' }
341 silly get cb [ 200,
341 silly get   { date: 'Sat, 29 Jan 2022 23:53:16 GMT',
341 silly get     'content-type': 'application/json',
341 silly get     'transfer-encoding': 'chunked',
341 silly get     connection: 'keep-alive',
341 silly get     'cf-ray': '6d5661037f288ddf-MIA',
341 silly get     age: '152',
341 silly get     'cache-control': 'public, max-age=300',
341 silly get     etag: 'W/"99c6a2306ecf3a6eed87ae99cb5c7125"',
341 silly get     'last-modified': 'Sun, 09 Jan 2022 04:39:00 GMT',
341 silly get     vary: 'accept-encoding, accept',
341 silly get     'cf-cache-status': 'HIT',
341 silly get     'expect-ct': 'max-age=604800, report-uri="https://report-uri.cloudflare.com/cdn-cgi/beacon/expect-ct"',
341 silly get     'x-amz-replication-status': 'COMPLETED',
341 silly get     server: 'cloudflare',
341 silly get     'content-encoding': 'gzip' } ]
342 verbose get saving colorette to /home/laura/.npm/registry.npmjs.org/colorette/.cache.json
343 http 200 https://registry.npmjs.org/chokidar
344 verbose headers { date: 'Sat, 29 Jan 2022 23:53:16 GMT',
344 verbose headers   'content-type': 'application/json',
344 verbose headers   'transfer-encoding': 'chunked',
344 verbose headers   connection: 'keep-alive',
344 verbose headers   'cf-ray': '6d5661037a7167d4-MIA',
344 verbose headers   age: '59',
344 verbose headers   'cache-control': 'public, max-age=300',
344 verbose headers   etag: 'W/"e428af0dc99c95e3df112fa3e2fdc98b"',
344 verbose headers   'last-modified': 'Thu, 27 Jan 2022 05:15:16 GMT',
344 verbose headers   vary: 'accept-encoding, accept',
344 verbose headers   'cf-cache-status': 'HIT',
344 verbose headers   'expect-ct': 'max-age=604800, report-uri="https://report-uri.cloudflare.com/cdn-cgi/beacon/expect-ct"',
344 verbose headers   'x-amz-replication-status': 'COMPLETED',
344 verbose headers   server: 'cloudflare',
344 verbose headers   'content-encoding': 'gzip' }
345 silly get cb [ 200,
345 silly get   { date: 'Sat, 29 Jan 2022 23:53:16 GMT',
345 silly get     'content-type': 'application/json',
345 silly get     'transfer-encoding': 'chunked',
345 silly get     connection: 'keep-alive',
345 silly get     'cf-ray': '6d5661037a7167d4-MIA',
345 silly get     age: '59',
345 silly get     'cache-control': 'public, max-age=300',
345 silly get     etag: 'W/"e428af0dc99c95e3df112fa3e2fdc98b"',
345 silly get     'last-modified': 'Thu, 27 Jan 2022 05:15:16 GMT',
345 silly get     vary: 'accept-encoding, accept',
345 silly get     'cf-cache-status': 'HIT',
345 silly get     'expect-ct': 'max-age=604800, report-uri="https://report-uri.cloudflare.com/cdn-cgi/beacon/expect-ct"',
345 silly get     'x-amz-replication-status': 'COMPLETED',
345 silly get     server: 'cloudflare',
345 silly get     'content-encoding': 'gzip' } ]
346 verbose get saving chokidar to /home/laura/.npm/registry.npmjs.org/chokidar/.cache.json
347 http 200 https://registry.npmjs.org/del
348 verbose headers { date: 'Sat, 29 Jan 2022 23:53:16 GMT',
348 verbose headers   'content-type': 'application/json',
348 verbose headers   'transfer-encoding': 'chunked',
348 verbose headers   connection: 'keep-alive',
348 verbose headers   'cf-ray': '6d566103dd092239-MIA',
348 verbose headers   age: '247',
348 verbose headers   'cache-control': 'public, max-age=300',
348 verbose headers   etag: 'W/"be05f41776636bbf89a80f2441aebc94"',
348 verbose headers   'last-modified': 'Sat, 15 Jan 2022 21:15:30 GMT',
348 verbose headers   vary: 'accept-encoding, accept',
348 verbose headers   'cf-cache-status': 'HIT',
348 verbose headers   'expect-ct': 'max-age=604800, report-uri="https://report-uri.cloudflare.com/cdn-cgi/beacon/expect-ct"',
348 verbose headers   'x-amz-replication-status': 'COMPLETED',
348 verbose headers   server: 'cloudflare',
348 verbose headers   'content-encoding': 'gzip' }
349 silly get cb [ 200,
349 silly get   { date: 'Sat, 29 Jan 2022 23:53:16 GMT',
349 silly get     'content-type': 'application/json',
349 silly get     'transfer-encoding': 'chunked',
349 silly get     connection: 'keep-alive',
349 silly get     'cf-ray': '6d566103dd092239-MIA',
349 silly get     age: '247',
349 silly get     'cache-control': 'public, max-age=300',
349 silly get     etag: 'W/"be05f41776636bbf89a80f2441aebc94"',
349 silly get     'last-modified': 'Sat, 15 Jan 2022 21:15:30 GMT',
349 silly get     vary: 'accept-encoding, accept',
349 silly get     'cf-cache-status': 'HIT',
349 silly get     'expect-ct': 'max-age=604800, report-uri="https://report-uri.cloudflare.com/cdn-cgi/beacon/expect-ct"',
349 silly get     'x-amz-replication-status': 'COMPLETED',
349 silly get     server: 'cloudflare',
349 silly get     'content-encoding': 'gzip' } ]
350 verbose get saving del to /home/laura/.npm/registry.npmjs.org/del/.cache.json
351 http 200 https://registry.npmjs.org/strip-ansi
352 verbose headers { date: 'Sat, 29 Jan 2022 23:53:16 GMT',
352 verbose headers   'content-type': 'application/json',
352 verbose headers   'transfer-encoding': 'chunked',
352 verbose headers   connection: 'keep-alive',
352 verbose headers   'cf-ray': '6d566103dbf08dac-MIA',
352 verbose headers   age: '160',
352 verbose headers   'cache-control': 'public, max-age=300',
352 verbose headers   etag: 'W/"ba7381320fed4357f5eda31488a3ca33"',
352 verbose headers   'last-modified': 'Mon, 10 Jan 2022 05:27:30 GMT',
352 verbose headers   vary: 'accept-encoding, accept',
352 verbose headers   'cf-cache-status': 'HIT',
352 verbose headers   'expect-ct': 'max-age=604800, report-uri="https://report-uri.cloudflare.com/cdn-cgi/beacon/expect-ct"',
352 verbose headers   'x-amz-replication-status': 'PENDING',
352 verbose headers   server: 'cloudflare',
352 verbose headers   'content-encoding': 'gzip' }
353 silly get cb [ 200,
353 silly get   { date: 'Sat, 29 Jan 2022 23:53:16 GMT',
353 silly get     'content-type': 'application/json',
353 silly get     'transfer-encoding': 'chunked',
353 silly get     connection: 'keep-alive',
353 silly get     'cf-ray': '6d566103dbf08dac-MIA',
353 silly get     age: '160',
353 silly get     'cache-control': 'public, max-age=300',
353 silly get     etag: 'W/"ba7381320fed4357f5eda31488a3ca33"',
353 silly get     'last-modified': 'Mon, 10 Jan 2022 05:27:30 GMT',
353 silly get     vary: 'accept-encoding, accept',
353 silly get     'cf-cache-status': 'HIT',
353 silly get     'expect-ct': 'max-age=604800, report-uri="https://report-uri.cloudflare.com/cdn-cgi/beacon/expect-ct"',
353 silly get     'x-amz-replication-status': 'PENDING',
353 silly get     server: 'cloudflare',
353 silly get     'content-encoding': 'gzip' } ]
354 verbose get saving strip-ansi to /home/laura/.npm/registry.npmjs.org/strip-ansi/.cache.json
355 http 200 https://registry.npmjs.org/open
356 verbose headers { date: 'Sat, 29 Jan 2022 23:53:16 GMT',
356 verbose headers   'content-type': 'application/json',
356 verbose headers   'transfer-encoding': 'chunked',
356 verbose headers   connection: 'keep-alive',
356 verbose headers   'cf-ray': '6d566103ca2667db-MIA',
356 verbose headers   age: '135',
356 verbose headers   'cache-control': 'public, max-age=300',
356 verbose headers   etag: 'W/"1f740639c22d52bdaf156f212be249ff"',
356 verbose headers   'last-modified': 'Sun, 09 Jan 2022 22:13:09 GMT',
356 verbose headers   vary: 'accept-encoding, accept',
356 verbose headers   'cf-cache-status': 'HIT',
356 verbose headers   'expect-ct': 'max-age=604800, report-uri="https://report-uri.cloudflare.com/cdn-cgi/beacon/expect-ct"',
356 verbose headers   'x-amz-replication-status': 'COMPLETED',
356 verbose headers   server: 'cloudflare',
356 verbose headers   'content-encoding': 'gzip' }
357 silly get cb [ 200,
357 silly get   { date: 'Sat, 29 Jan 2022 23:53:16 GMT',
357 silly get     'content-type': 'application/json',
357 silly get     'transfer-encoding': 'chunked',
357 silly get     connection: 'keep-alive',
357 silly get     'cf-ray': '6d566103ca2667db-MIA',
357 silly get     age: '135',
357 silly get     'cache-control': 'public, max-age=300',
357 silly get     etag: 'W/"1f740639c22d52bdaf156f212be249ff"',
357 silly get     'last-modified': 'Sun, 09 Jan 2022 22:13:09 GMT',
357 silly get     vary: 'accept-encoding, accept',
357 silly get     'cf-cache-status': 'HIT',
357 silly get     'expect-ct': 'max-age=604800, report-uri="https://report-uri.cloudflare.com/cdn-cgi/beacon/expect-ct"',
357 silly get     'x-amz-replication-status': 'COMPLETED',
357 silly get     server: 'cloudflare',
357 silly get     'content-encoding': 'gzip' } ]
358 verbose get saving open to /home/laura/.npm/registry.npmjs.org/open/.cache.json
359 verbose stack Error: Missing required argument #1
359 verbose stack     at andLogAndFinish (/usr/share/npm/lib/fetch-package-metadata.js:31:3)
359 verbose stack     at fetchPackageMetadata (/usr/share/npm/lib/fetch-package-metadata.js:51:22)
359 verbose stack     at resolveWithNewModule (/usr/share/npm/lib/install/deps.js:456:12)
359 verbose stack     at /usr/share/npm/lib/install/deps.js:457:7
359 verbose stack     at /usr/share/npm/node_modules/iferr/index.js:13:50
359 verbose stack     at /usr/share/npm/lib/fetch-package-metadata.js:37:12
359 verbose stack     at addRequestedAndFinish (/usr/share/npm/lib/fetch-package-metadata.js:82:5)
359 verbose stack     at returnAndAddMetadata (/usr/share/npm/lib/fetch-package-metadata.js:117:7)
359 verbose stack     at pickVersionFromRegistryDocument (/usr/share/npm/lib/fetch-package-metadata.js:134:20)
359 verbose stack     at /usr/share/npm/node_modules/iferr/index.js:13:50
360 verbose cwd /home/laura/Personal Projects/Especialization webstack/holbertonschoon-frontend/0x0E-Cookies_local_storage/src
361 error Linux 5.4.72-microsoft-standard-WSL2
362 error argv "/usr/bin/node" "/usr/bin/npm" "install" "webpack-dev-server" "--save-dev"
363 error node v8.10.0
364 error npm  v3.5.2
365 error code EMISSINGARG
366 error typeerror Error: Missing required argument #1
366 error typeerror     at andLogAndFinish (/usr/share/npm/lib/fetch-package-metadata.js:31:3)
366 error typeerror     at fetchPackageMetadata (/usr/share/npm/lib/fetch-package-metadata.js:51:22)
366 error typeerror     at resolveWithNewModule (/usr/share/npm/lib/install/deps.js:456:12)
366 error typeerror     at /usr/share/npm/lib/install/deps.js:457:7
366 error typeerror     at /usr/share/npm/node_modules/iferr/index.js:13:50
366 error typeerror     at /usr/share/npm/lib/fetch-package-metadata.js:37:12
366 error typeerror     at addRequestedAndFinish (/usr/share/npm/lib/fetch-package-metadata.js:82:5)
366 error typeerror     at returnAndAddMetadata (/usr/share/npm/lib/fetch-package-metadata.js:117:7)
366 error typeerror     at pickVersionFromRegistryDocument (/usr/share/npm/lib/fetch-package-metadata.js:134:20)
366 error typeerror     at /usr/share/npm/node_modules/iferr/index.js:13:50
367 error typeerror This is an error with npm itself. Please report this error at:
367 error typeerror     <http://github.com/npm/npm/issues>
368 verbose exit [ 1, true ]
